<?xml version="1.0" encoding="UTF-8"?>
<!-- Generated by org.testng.reporters.JUnitXMLReporter -->
<testsuite ignored="0" hostname="Akshatha" failures="0" tests="18" name="Test" time="619.966" errors="0" timestamp="2025-09-08T12:25:14 IST">
  <testcase classname="com.automation.swaglabs.tests.LoginPageTest" name="testValidLogin" time="12.69"/>
  <testcase classname="com.automation.swaglabs.tests.LoginPageTest" name="testInvalidLogin" time="16.703"/>
  <testcase classname="com.automation.swaglabs.tests.ProductPageTest" name="testAddProductToCart" time="4.31"/>
  <testcase classname="com.automation.swaglabs.tests.ProductPageTest" name="testCartIconNavigation" time="8.352"/>
  <testcase classname="com.automation.swaglabs.tests.ProductPageTest" name="testProductPageTitle" time="4.061"/>
  <testcase classname="com.automation.swaglabs.tests.ProductPageTest" name="testSortProductsAscending" time="14.358"/>
  <testcase classname="com.automation.swaglabs.tests.ProductPageTest" name="testSortProductsDescending" time="14.348"/>
  <testcase classname="com.automation.swaglabs.tests.CartPageTest" name="testCartPageTitle" time="8.25"/>
  <testcase classname="com.automation.swaglabs.tests.CartPageTest" name="testCartItemCount" time="8.666"/>
  <testcase classname="com.automation.swaglabs.tests.CartPageTest" name="testRemoveItemFromCart" time="14.541"/>
  <testcase classname="com.automation.swaglabs.tests.CartPageTest" name="testContinueShopping" time="14.61"/>
  <testcase classname="com.automation.swaglabs.tests.CartPageTest" name="testProceedToCheckout" time="10.424"/>
  <testcase classname="com.automation.swaglabs.tests.CheckoutPageTest" name="testCheckOutWithValidInfo" time="20.716"/>
  <testcase classname="com.automation.swaglabs.tests.CheckoutPageTest" name="testCheckoutWithMissingFields" time="20.639"/>
  <testcase classname="com.automation.swaglabs.tests.CheckoutPageTest" name="testOrderSummaryDetals" time="20.583"/>
  <testcase classname="com.automation.swaglabs.tests.CheckoutPageTest" name="testOrderCompletionAndVerifyConfirmation" time="24.862"/>
  <testcase classname="com.automation.swaglabs.tests.CheckoutPageTest" name="testCancelButton" time="18.583"/>
  <testcase classname="com.automation.swaglabs.tests.CheckoutPageTest" name="testBackToHomeButton" time="26.943"/>
</testsuite> <!-- Test -->
