<?xml version="1.0" encoding="UTF-8"?>
<!-- Generated by org.testng.reporters.JUnitXMLReporter -->
<testsuite ignored="0" hostname="Akshatha" failures="0" tests="18" name="Test" time="612.259" errors="0" timestamp="2025-09-07T23:44:45 IST">
  <testcase classname="com.automation.swaglabs.tests.LoginPageTest" name="testValidLogin" time="13.782"/>
  <testcase classname="com.automation.swaglabs.tests.LoginPageTest" name="testInvalidLogin" time="16.6"/>
  <testcase classname="com.automation.swaglabs.tests.ProductPageTest" name="testAddProductToCart" time="4.309"/>
  <testcase classname="com.automation.swaglabs.tests.ProductPageTest" name="testCartIconNavigation" time="8.429"/>
  <testcase classname="com.automation.swaglabs.tests.ProductPageTest" name="testProductPageTitle" time="4.064"/>
  <testcase classname="com.automation.swaglabs.tests.ProductPageTest" name="testSortProductsAscending" time="14.356"/>
  <testcase classname="com.automation.swaglabs.tests.ProductPageTest" name="testSortProductsDescending" time="14.324"/>
  <testcase classname="com.automation.swaglabs.tests.CartPageTest" name="testCartPageTitle" time="8.304"/>
  <testcase classname="com.automation.swaglabs.tests.CartPageTest" name="testCartItemCount" time="8.473"/>
  <testcase classname="com.automation.swaglabs.tests.CartPageTest" name="testRemoveItemFromCart" time="14.572"/>
  <testcase classname="com.automation.swaglabs.tests.CartPageTest" name="testContinueShopping" time="14.627"/>
  <testcase classname="com.automation.swaglabs.tests.CartPageTest" name="testProceedToCheckout" time="10.455"/>
  <testcase classname="com.automation.swaglabs.tests.CheckoutPageTest" name="testCheckOutWithValidInfo" time="20.812"/>
  <testcase classname="com.automation.swaglabs.tests.CheckoutPageTest" name="testCheckoutWithMissingFields" time="20.672"/>
  <testcase classname="com.automation.swaglabs.tests.CheckoutPageTest" name="testOrderSummaryDetals" time="20.727"/>
  <testcase classname="com.automation.swaglabs.tests.CheckoutPageTest" name="testOrderCompletionAndVerifyConfirmation" time="25.032"/>
  <testcase classname="com.automation.swaglabs.tests.CheckoutPageTest" name="testCancelButton" time="18.704"/>
  <testcase classname="com.automation.swaglabs.tests.CheckoutPageTest" name="testBackToHomeButton" time="27.096"/>
</testsuite> <!-- Test -->
