<?xml version="1.0" encoding="UTF-8"?>
<testng-results ignored="0" total="18" passed="18" failed="0" skipped="0">
  <reporter-output>
  </reporter-output>
  <suite started-at="2025-09-07T16:19:25 IST" name="Suite" finished-at="2025-09-07T16:30:44 IST" duration-ms="679199">
    <groups>
    </groups>
    <test started-at="2025-09-07T16:19:25 IST" name="Test" finished-at="2025-09-07T16:30:44 IST" duration-ms="679199">
      <class name="com.automation.swaglabs.tests.CheckoutPageTest">
        <test-method is-config="true" signature="setUp()[pri:0, instance:com.automation.swaglabs.tests.CheckoutPageTest@1df8b5b8]" started-at="2025-09-07T16:25:02 IST" name="setUp" finished-at="2025-09-07T16:25:04 IST" duration-ms="2185" status="PASS">
          <reporter-output>
          </reporter-output>
        </test-method> <!-- setUp -->
        <test-method is-config="true" signature="pageSetUp()[pri:0, instance:com.automation.swaglabs.tests.CheckoutPageTest@1df8b5b8]" started-at="2025-09-07T16:25:04 IST" name="pageSetUp" finished-at="2025-09-07T16:25:32 IST" duration-ms="27781" status="PASS">
          <reporter-output>
          </reporter-output>
        </test-method> <!-- pageSetUp -->
        <test-method signature="testCheckOutWithValidInfo()[pri:1, instance:com.automation.swaglabs.tests.CheckoutPageTest@1df8b5b8]" started-at="2025-09-07T16:25:32 IST" name="testCheckOutWithValidInfo" finished-at="2025-09-07T16:25:53 IST" duration-ms="21073" status="PASS">
          <reporter-output>
          </reporter-output>
        </test-method> <!-- testCheckOutWithValidInfo -->
        <test-method is-config="true" signature="tearDown()[pri:0, instance:com.automation.swaglabs.tests.CheckoutPageTest@1df8b5b8]" started-at="2025-09-07T16:25:53 IST" name="tearDown" finished-at="2025-09-07T16:25:53 IST" duration-ms="361" status="PASS">
          <reporter-output>
          </reporter-output>
        </test-method> <!-- tearDown -->
        <test-method is-config="true" signature="setUp()[pri:0, instance:com.automation.swaglabs.tests.CheckoutPageTest@1df8b5b8]" started-at="2025-09-07T16:25:53 IST" name="setUp" finished-at="2025-09-07T16:25:58 IST" duration-ms="4381" status="PASS">
          <reporter-output>
          </reporter-output>
        </test-method> <!-- setUp -->
        <test-method is-config="true" signature="pageSetUp()[pri:0, instance:com.automation.swaglabs.tests.CheckoutPageTest@1df8b5b8]" started-at="2025-09-07T16:25:58 IST" name="pageSetUp" finished-at="2025-09-07T16:26:26 IST" duration-ms="28033" status="PASS">
          <reporter-output>
          </reporter-output>
        </test-method> <!-- pageSetUp -->
        <test-method signature="testCheckoutWithMissingFields()[pri:2, instance:com.automation.swaglabs.tests.CheckoutPageTest@1df8b5b8]" started-at="2025-09-07T16:26:26 IST" name="testCheckoutWithMissingFields" finished-at="2025-09-07T16:26:47 IST" duration-ms="21058" status="PASS">
          <reporter-output>
          </reporter-output>
        </test-method> <!-- testCheckoutWithMissingFields -->
        <test-method is-config="true" signature="tearDown()[pri:0, instance:com.automation.swaglabs.tests.CheckoutPageTest@1df8b5b8]" started-at="2025-09-07T16:26:47 IST" name="tearDown" finished-at="2025-09-07T16:26:47 IST" duration-ms="375" status="PASS">
          <reporter-output>
          </reporter-output>
        </test-method> <!-- tearDown -->
        <test-method is-config="true" signature="setUp()[pri:0, instance:com.automation.swaglabs.tests.CheckoutPageTest@1df8b5b8]" started-at="2025-09-07T16:26:47 IST" name="setUp" finished-at="2025-09-07T16:26:49 IST" duration-ms="1978" status="PASS">
          <reporter-output>
          </reporter-output>
        </test-method> <!-- setUp -->
        <test-method is-config="true" signature="pageSetUp()[pri:0, instance:com.automation.swaglabs.tests.CheckoutPageTest@1df8b5b8]" started-at="2025-09-07T16:26:49 IST" name="pageSetUp" finished-at="2025-09-07T16:27:17 IST" duration-ms="27919" status="PASS">
          <reporter-output>
          </reporter-output>
        </test-method> <!-- pageSetUp -->
        <test-method signature="testOrderSummaryDetals()[pri:3, instance:com.automation.swaglabs.tests.CheckoutPageTest@1df8b5b8]" started-at="2025-09-07T16:27:17 IST" name="testOrderSummaryDetals" finished-at="2025-09-07T16:27:38 IST" duration-ms="20923" status="PASS">
          <reporter-output>
          </reporter-output>
        </test-method> <!-- testOrderSummaryDetals -->
        <test-method is-config="true" signature="tearDown()[pri:0, instance:com.automation.swaglabs.tests.CheckoutPageTest@1df8b5b8]" started-at="2025-09-07T16:27:38 IST" name="tearDown" finished-at="2025-09-07T16:27:38 IST" duration-ms="371" status="PASS">
          <reporter-output>
          </reporter-output>
        </test-method> <!-- tearDown -->
        <test-method is-config="true" signature="setUp()[pri:0, instance:com.automation.swaglabs.tests.CheckoutPageTest@1df8b5b8]" started-at="2025-09-07T16:27:38 IST" name="setUp" finished-at="2025-09-07T16:27:51 IST" duration-ms="12885" status="PASS">
          <reporter-output>
          </reporter-output>
        </test-method> <!-- setUp -->
        <test-method is-config="true" signature="pageSetUp()[pri:0, instance:com.automation.swaglabs.tests.CheckoutPageTest@1df8b5b8]" started-at="2025-09-07T16:27:51 IST" name="pageSetUp" finished-at="2025-09-07T16:28:19 IST" duration-ms="27757" status="PASS">
          <reporter-output>
          </reporter-output>
        </test-method> <!-- pageSetUp -->
        <test-method signature="testOrderCompletionAndVerifyConfirmation()[pri:4, instance:com.automation.swaglabs.tests.CheckoutPageTest@1df8b5b8]" started-at="2025-09-07T16:28:19 IST" name="testOrderCompletionAndVerifyConfirmation" finished-at="2025-09-07T16:28:44 IST" duration-ms="25217" status="PASS">
          <reporter-output>
          </reporter-output>
        </test-method> <!-- testOrderCompletionAndVerifyConfirmation -->
        <test-method is-config="true" signature="tearDown()[pri:0, instance:com.automation.swaglabs.tests.CheckoutPageTest@1df8b5b8]" started-at="2025-09-07T16:28:44 IST" name="tearDown" finished-at="2025-09-07T16:28:45 IST" duration-ms="378" status="PASS">
          <reporter-output>
          </reporter-output>
        </test-method> <!-- tearDown -->
        <test-method is-config="true" signature="setUp()[pri:0, instance:com.automation.swaglabs.tests.CheckoutPageTest@1df8b5b8]" started-at="2025-09-07T16:28:45 IST" name="setUp" finished-at="2025-09-07T16:28:47 IST" duration-ms="2501" status="PASS">
          <reporter-output>
          </reporter-output>
        </test-method> <!-- setUp -->
        <test-method is-config="true" signature="pageSetUp()[pri:0, instance:com.automation.swaglabs.tests.CheckoutPageTest@1df8b5b8]" started-at="2025-09-07T16:28:47 IST" name="pageSetUp" finished-at="2025-09-07T16:29:15 IST" duration-ms="27865" status="PASS">
          <reporter-output>
          </reporter-output>
        </test-method> <!-- pageSetUp -->
        <test-method signature="testCancelButton()[pri:5, instance:com.automation.swaglabs.tests.CheckoutPageTest@1df8b5b8]" started-at="2025-09-07T16:29:15 IST" name="testCancelButton" finished-at="2025-09-07T16:29:34 IST" duration-ms="18809" status="PASS">
          <reporter-output>
          </reporter-output>
        </test-method> <!-- testCancelButton -->
        <test-method is-config="true" signature="tearDown()[pri:0, instance:com.automation.swaglabs.tests.CheckoutPageTest@1df8b5b8]" started-at="2025-09-07T16:29:34 IST" name="tearDown" finished-at="2025-09-07T16:29:34 IST" duration-ms="366" status="PASS">
          <reporter-output>
          </reporter-output>
        </test-method> <!-- tearDown -->
        <test-method is-config="true" signature="setUp()[pri:0, instance:com.automation.swaglabs.tests.CheckoutPageTest@1df8b5b8]" started-at="2025-09-07T16:29:34 IST" name="setUp" finished-at="2025-09-07T16:29:48 IST" duration-ms="13550" status="PASS">
          <reporter-output>
          </reporter-output>
        </test-method> <!-- setUp -->
        <test-method is-config="true" signature="pageSetUp()[pri:0, instance:com.automation.swaglabs.tests.CheckoutPageTest@1df8b5b8]" started-at="2025-09-07T16:29:48 IST" name="pageSetUp" finished-at="2025-09-07T16:30:16 IST" duration-ms="27980" status="PASS">
          <reporter-output>
          </reporter-output>
        </test-method> <!-- pageSetUp -->
        <test-method signature="testBackToHomeButton()[pri:6, instance:com.automation.swaglabs.tests.CheckoutPageTest@1df8b5b8]" started-at="2025-09-07T16:30:16 IST" name="testBackToHomeButton" finished-at="2025-09-07T16:30:43 IST" duration-ms="27570" status="PASS">
          <reporter-output>
          </reporter-output>
        </test-method> <!-- testBackToHomeButton -->
        <test-method is-config="true" signature="tearDown()[pri:0, instance:com.automation.swaglabs.tests.CheckoutPageTest@1df8b5b8]" started-at="2025-09-07T16:30:43 IST" name="tearDown" finished-at="2025-09-07T16:30:44 IST" duration-ms="430" status="PASS">
          <reporter-output>
          </reporter-output>
        </test-method> <!-- tearDown -->
      </class> <!-- com.automation.swaglabs.tests.CheckoutPageTest -->
      <class name="com.automation.swaglabs.tests.CartPageTest">
        <test-method is-config="true" signature="setUp()[pri:0, instance:com.automation.swaglabs.tests.CartPageTest@560348e6]" started-at="2025-09-07T16:22:34 IST" name="setUp" finished-at="2025-09-07T16:22:49 IST" duration-ms="14488" status="PASS">
          <reporter-output>
          </reporter-output>
        </test-method> <!-- setUp -->
        <test-method is-config="true" signature="pageSetup()[pri:0, instance:com.automation.swaglabs.tests.CartPageTest@560348e6]" started-at="2025-09-07T16:22:49 IST" name="pageSetup" finished-at="2025-09-07T16:23:02 IST" duration-ms="13155" status="PASS">
          <reporter-output>
          </reporter-output>
        </test-method> <!-- pageSetup -->
        <test-method signature="testCartPageTitle()[pri:1, instance:com.automation.swaglabs.tests.CartPageTest@560348e6]" started-at="2025-09-07T16:23:02 IST" name="testCartPageTitle" finished-at="2025-09-07T16:23:11 IST" duration-ms="8439" status="PASS">
          <reporter-output>
          </reporter-output>
        </test-method> <!-- testCartPageTitle -->
        <test-method is-config="true" signature="tearDown()[pri:0, instance:com.automation.swaglabs.tests.CartPageTest@560348e6]" started-at="2025-09-07T16:23:11 IST" name="tearDown" finished-at="2025-09-07T16:23:11 IST" duration-ms="378" status="PASS">
          <reporter-output>
          </reporter-output>
        </test-method> <!-- tearDown -->
        <test-method is-config="true" signature="setUp()[pri:0, instance:com.automation.swaglabs.tests.CartPageTest@560348e6]" started-at="2025-09-07T16:23:11 IST" name="setUp" finished-at="2025-09-07T16:23:13 IST" duration-ms="2435" status="PASS">
          <reporter-output>
          </reporter-output>
        </test-method> <!-- setUp -->
        <test-method is-config="true" signature="pageSetup()[pri:0, instance:com.automation.swaglabs.tests.CartPageTest@560348e6]" started-at="2025-09-07T16:23:13 IST" name="pageSetup" finished-at="2025-09-07T16:23:27 IST" duration-ms="13200" status="PASS">
          <reporter-output>
          </reporter-output>
        </test-method> <!-- pageSetup -->
        <test-method signature="testCartItemCount()[pri:2, instance:com.automation.swaglabs.tests.CartPageTest@560348e6]" started-at="2025-09-07T16:23:27 IST" name="testCartItemCount" finished-at="2025-09-07T16:23:35 IST" duration-ms="8338" status="PASS">
          <reporter-output>
          </reporter-output>
        </test-method> <!-- testCartItemCount -->
        <test-method is-config="true" signature="tearDown()[pri:0, instance:com.automation.swaglabs.tests.CartPageTest@560348e6]" started-at="2025-09-07T16:23:35 IST" name="tearDown" finished-at="2025-09-07T16:23:35 IST" duration-ms="358" status="PASS">
          <reporter-output>
          </reporter-output>
        </test-method> <!-- tearDown -->
        <test-method is-config="true" signature="setUp()[pri:0, instance:com.automation.swaglabs.tests.CartPageTest@560348e6]" started-at="2025-09-07T16:23:35 IST" name="setUp" finished-at="2025-09-07T16:23:38 IST" duration-ms="2217" status="PASS">
          <reporter-output>
          </reporter-output>
        </test-method> <!-- setUp -->
        <test-method is-config="true" signature="pageSetup()[pri:0, instance:com.automation.swaglabs.tests.CartPageTest@560348e6]" started-at="2025-09-07T16:23:38 IST" name="pageSetup" finished-at="2025-09-07T16:23:51 IST" duration-ms="13068" status="PASS">
          <reporter-output>
          </reporter-output>
        </test-method> <!-- pageSetup -->
        <test-method signature="testRemoveItemFromCart()[pri:3, instance:com.automation.swaglabs.tests.CartPageTest@560348e6]" started-at="2025-09-07T16:23:51 IST" name="testRemoveItemFromCart" finished-at="2025-09-07T16:24:05 IST" duration-ms="14668" status="PASS">
          <reporter-output>
          </reporter-output>
        </test-method> <!-- testRemoveItemFromCart -->
        <test-method is-config="true" signature="tearDown()[pri:0, instance:com.automation.swaglabs.tests.CartPageTest@560348e6]" started-at="2025-09-07T16:24:05 IST" name="tearDown" finished-at="2025-09-07T16:24:06 IST" duration-ms="364" status="PASS">
          <reporter-output>
          </reporter-output>
        </test-method> <!-- tearDown -->
        <test-method is-config="true" signature="setUp()[pri:0, instance:com.automation.swaglabs.tests.CartPageTest@560348e6]" started-at="2025-09-07T16:24:06 IST" name="setUp" finished-at="2025-09-07T16:24:08 IST" duration-ms="2536" status="PASS">
          <reporter-output>
          </reporter-output>
        </test-method> <!-- setUp -->
        <test-method is-config="true" signature="pageSetup()[pri:0, instance:com.automation.swaglabs.tests.CartPageTest@560348e6]" started-at="2025-09-07T16:24:08 IST" name="pageSetup" finished-at="2025-09-07T16:24:21 IST" duration-ms="12973" status="PASS">
          <reporter-output>
          </reporter-output>
        </test-method> <!-- pageSetup -->
        <test-method signature="testContinueShopping()[pri:4, instance:com.automation.swaglabs.tests.CartPageTest@560348e6]" started-at="2025-09-07T16:24:21 IST" name="testContinueShopping" finished-at="2025-09-07T16:24:36 IST" duration-ms="14942" status="PASS">
          <reporter-output>
          </reporter-output>
        </test-method> <!-- testContinueShopping -->
        <test-method is-config="true" signature="tearDown()[pri:0, instance:com.automation.swaglabs.tests.CartPageTest@560348e6]" started-at="2025-09-07T16:24:36 IST" name="tearDown" finished-at="2025-09-07T16:24:36 IST" duration-ms="347" status="PASS">
          <reporter-output>
          </reporter-output>
        </test-method> <!-- tearDown -->
        <test-method is-config="true" signature="setUp()[pri:0, instance:com.automation.swaglabs.tests.CartPageTest@560348e6]" started-at="2025-09-07T16:24:36 IST" name="setUp" finished-at="2025-09-07T16:24:38 IST" duration-ms="1958" status="PASS">
          <reporter-output>
          </reporter-output>
        </test-method> <!-- setUp -->
        <test-method is-config="true" signature="pageSetup()[pri:0, instance:com.automation.swaglabs.tests.CartPageTest@560348e6]" started-at="2025-09-07T16:24:38 IST" name="pageSetup" finished-at="2025-09-07T16:24:51 IST" duration-ms="12833" status="PASS">
          <reporter-output>
          </reporter-output>
        </test-method> <!-- pageSetup -->
        <test-method signature="testProceedToCheckout()[pri:5, instance:com.automation.swaglabs.tests.CartPageTest@560348e6]" started-at="2025-09-07T16:24:51 IST" name="testProceedToCheckout" finished-at="2025-09-07T16:25:02 IST" duration-ms="10425" status="PASS">
          <reporter-output>
          </reporter-output>
        </test-method> <!-- testProceedToCheckout -->
        <test-method is-config="true" signature="tearDown()[pri:0, instance:com.automation.swaglabs.tests.CartPageTest@560348e6]" started-at="2025-09-07T16:25:02 IST" name="tearDown" finished-at="2025-09-07T16:25:02 IST" duration-ms="387" status="PASS">
          <reporter-output>
          </reporter-output>
        </test-method> <!-- tearDown -->
      </class> <!-- com.automation.swaglabs.tests.CartPageTest -->
      <class name="com.automation.swaglabs.tests.LoginPageTest">
        <test-method is-config="true" signature="setUp()[pri:0, instance:com.automation.swaglabs.tests.LoginPageTest@3cce57c7]" started-at="2025-09-07T16:19:25 IST" name="setUp" finished-at="2025-09-07T16:19:36 IST" duration-ms="11381" status="PASS">
          <reporter-output>
          </reporter-output>
        </test-method> <!-- setUp -->
        <test-method is-config="true" signature="pageSetup()[pri:0, instance:com.automation.swaglabs.tests.LoginPageTest@3cce57c7]" started-at="2025-09-07T16:19:36 IST" name="pageSetup" finished-at="2025-09-07T16:19:36 IST" duration-ms="13" status="PASS">
          <reporter-output>
          </reporter-output>
        </test-method> <!-- pageSetup -->
        <test-method signature="testValidLogin()[pri:1, instance:com.automation.swaglabs.tests.LoginPageTest@3cce57c7]" started-at="2025-09-07T16:19:36 IST" name="testValidLogin" finished-at="2025-09-07T16:19:49 IST" duration-ms="12929" status="PASS">
          <reporter-output>
          </reporter-output>
        </test-method> <!-- testValidLogin -->
        <test-method is-config="true" signature="tearDown()[pri:0, instance:com.automation.swaglabs.tests.LoginPageTest@3cce57c7]" started-at="2025-09-07T16:19:49 IST" name="tearDown" finished-at="2025-09-07T16:19:50 IST" duration-ms="517" status="PASS">
          <reporter-output>
          </reporter-output>
        </test-method> <!-- tearDown -->
        <test-method is-config="true" signature="setUp()[pri:0, instance:com.automation.swaglabs.tests.LoginPageTest@3cce57c7]" started-at="2025-09-07T16:19:50 IST" name="setUp" finished-at="2025-09-07T16:19:51 IST" duration-ms="1486" status="PASS">
          <reporter-output>
          </reporter-output>
        </test-method> <!-- setUp -->
        <test-method is-config="true" signature="pageSetup()[pri:0, instance:com.automation.swaglabs.tests.LoginPageTest@3cce57c7]" started-at="2025-09-07T16:19:51 IST" name="pageSetup" finished-at="2025-09-07T16:19:51 IST" duration-ms="1" status="PASS">
          <reporter-output>
          </reporter-output>
        </test-method> <!-- pageSetup -->
        <test-method signature="testInvalidLogin()[pri:2, instance:com.automation.swaglabs.tests.LoginPageTest@3cce57c7]" started-at="2025-09-07T16:19:51 IST" name="testInvalidLogin" finished-at="2025-09-07T16:20:08 IST" duration-ms="16655" status="PASS">
          <reporter-output>
          </reporter-output>
        </test-method> <!-- testInvalidLogin -->
        <test-method is-config="true" signature="tearDown()[pri:0, instance:com.automation.swaglabs.tests.LoginPageTest@3cce57c7]" started-at="2025-09-07T16:20:08 IST" name="tearDown" finished-at="2025-09-07T16:20:08 IST" duration-ms="379" status="PASS">
          <reporter-output>
          </reporter-output>
        </test-method> <!-- tearDown -->
      </class> <!-- com.automation.swaglabs.tests.LoginPageTest -->
      <class name="com.automation.swaglabs.tests.ProductPageTest">
        <test-method is-config="true" signature="setUp()[pri:0, instance:com.automation.swaglabs.tests.ProductPageTest@7d94beb9]" started-at="2025-09-07T16:20:08 IST" name="setUp" finished-at="2025-09-07T16:20:23 IST" duration-ms="15353" status="PASS">
          <reporter-output>
          </reporter-output>
        </test-method> <!-- setUp -->
        <test-method signature="testAddProductToCart()[pri:0, instance:com.automation.swaglabs.tests.ProductPageTest@7d94beb9]" started-at="2025-09-07T16:20:23 IST" name="testAddProductToCart" finished-at="2025-09-07T16:20:28 IST" duration-ms="4276" status="PASS">
          <reporter-output>
          </reporter-output>
        </test-method> <!-- testAddProductToCart -->
        <test-method is-config="true" signature="tearDown()[pri:0, instance:com.automation.swaglabs.tests.ProductPageTest@7d94beb9]" started-at="2025-09-07T16:20:28 IST" name="tearDown" finished-at="2025-09-07T16:20:28 IST" duration-ms="345" status="PASS">
          <reporter-output>
          </reporter-output>
        </test-method> <!-- tearDown -->
        <test-method is-config="true" signature="setUp()[pri:0, instance:com.automation.swaglabs.tests.ProductPageTest@7d94beb9]" started-at="2025-09-07T16:20:28 IST" name="setUp" finished-at="2025-09-07T16:20:52 IST" duration-ms="23976" status="PASS">
          <reporter-output>
          </reporter-output>
        </test-method> <!-- setUp -->
        <test-method signature="testCartIconNavigation()[pri:0, instance:com.automation.swaglabs.tests.ProductPageTest@7d94beb9]" started-at="2025-09-07T16:20:52 IST" name="testCartIconNavigation" finished-at="2025-09-07T16:21:00 IST" duration-ms="8391" status="PASS">
          <reporter-output>
          </reporter-output>
        </test-method> <!-- testCartIconNavigation -->
        <test-method is-config="true" signature="tearDown()[pri:0, instance:com.automation.swaglabs.tests.ProductPageTest@7d94beb9]" started-at="2025-09-07T16:21:00 IST" name="tearDown" finished-at="2025-09-07T16:21:01 IST" duration-ms="374" status="PASS">
          <reporter-output>
          </reporter-output>
        </test-method> <!-- tearDown -->
        <test-method is-config="true" signature="setUp()[pri:0, instance:com.automation.swaglabs.tests.ProductPageTest@7d94beb9]" started-at="2025-09-07T16:21:01 IST" name="setUp" finished-at="2025-09-07T16:21:22 IST" duration-ms="21528" status="PASS">
          <reporter-output>
          </reporter-output>
        </test-method> <!-- setUp -->
        <test-method signature="testProductPageTitle()[pri:0, instance:com.automation.swaglabs.tests.ProductPageTest@7d94beb9]" started-at="2025-09-07T16:21:22 IST" name="testProductPageTitle" finished-at="2025-09-07T16:21:26 IST" duration-ms="4073" status="PASS">
          <reporter-output>
          </reporter-output>
        </test-method> <!-- testProductPageTitle -->
        <test-method is-config="true" signature="tearDown()[pri:0, instance:com.automation.swaglabs.tests.ProductPageTest@7d94beb9]" started-at="2025-09-07T16:21:26 IST" name="tearDown" finished-at="2025-09-07T16:21:27 IST" duration-ms="496" status="PASS">
          <reporter-output>
          </reporter-output>
        </test-method> <!-- tearDown -->
        <test-method is-config="true" signature="setUp()[pri:0, instance:com.automation.swaglabs.tests.ProductPageTest@7d94beb9]" started-at="2025-09-07T16:21:27 IST" name="setUp" finished-at="2025-09-07T16:21:43 IST" duration-ms="15729" status="PASS">
          <reporter-output>
          </reporter-output>
        </test-method> <!-- setUp -->
        <test-method signature="testSortProductsAscending()[pri:0, instance:com.automation.swaglabs.tests.ProductPageTest@7d94beb9]" started-at="2025-09-07T16:21:43 IST" name="testSortProductsAscending" finished-at="2025-09-07T16:21:57 IST" duration-ms="14308" status="PASS">
          <reporter-output>
          </reporter-output>
        </test-method> <!-- testSortProductsAscending -->
        <test-method is-config="true" signature="tearDown()[pri:0, instance:com.automation.swaglabs.tests.ProductPageTest@7d94beb9]" started-at="2025-09-07T16:21:57 IST" name="tearDown" finished-at="2025-09-07T16:21:59 IST" duration-ms="1963" status="PASS">
          <reporter-output>
          </reporter-output>
        </test-method> <!-- tearDown -->
        <test-method is-config="true" signature="setUp()[pri:0, instance:com.automation.swaglabs.tests.ProductPageTest@7d94beb9]" started-at="2025-09-07T16:21:59 IST" name="setUp" finished-at="2025-09-07T16:22:20 IST" duration-ms="20561" status="PASS">
          <reporter-output>
          </reporter-output>
        </test-method> <!-- setUp -->
        <test-method signature="testSortProductsDescending()[pri:0, instance:com.automation.swaglabs.tests.ProductPageTest@7d94beb9]" started-at="2025-09-07T16:22:20 IST" name="testSortProductsDescending" finished-at="2025-09-07T16:22:34 IST" duration-ms="14395" status="PASS">
          <reporter-output>
          </reporter-output>
        </test-method> <!-- testSortProductsDescending -->
        <test-method is-config="true" signature="tearDown()[pri:0, instance:com.automation.swaglabs.tests.ProductPageTest@7d94beb9]" started-at="2025-09-07T16:22:34 IST" name="tearDown" finished-at="2025-09-07T16:22:34 IST" duration-ms="582" status="PASS">
          <reporter-output>
          </reporter-output>
        </test-method> <!-- tearDown -->
      </class> <!-- com.automation.swaglabs.tests.ProductPageTest -->
    </test> <!-- Test -->
  </suite> <!-- Suite -->
</testng-results>
