<?xml version="1.0" encoding="UTF-8"?>
<testng-results ignored="0" total="6" passed="6" failed="0" skipped="0">
  <reporter-output>
  </reporter-output>
  <suite started-at="2025-09-09T08:52:29 IST" name="Default suite" finished-at="2025-09-09T08:54:48 IST" duration-ms="138885">
    <groups>
      <group name="cucumber">
        <method signature="AbstractTestNGCucumberTests.runScenario(io.cucumber.testng.PickleWrapper,io.cucumber.testng.FeatureWrapper)[pri:0, instance:com.automation.swaglabs.runners.TestRunner@710f4dc7]" name="runScenario" class="io.cucumber.testng.AbstractTestNGCucumberTests"/>
      </group> <!-- cucumber -->
    </groups>
    <test started-at="2025-09-09T08:52:29 IST" name="Default test" finished-at="2025-09-09T08:54:48 IST" duration-ms="138885">
      <class name="com.automation.swaglabs.runners.TestRunner">
        <test-method is-config="true" signature="setUpClass(org.testng.ITestContext)[pri:0, instance:com.automation.swaglabs.runners.TestRunner@710f4dc7]" started-at="2025-09-09T08:52:29 IST" name="setUpClass" finished-at="2025-09-09T08:52:31 IST" duration-ms="1641" status="PASS">
          <params>
            <param index="0">
              <value>
                <![CDATA[org.testng.TestRunner@786ff0ea]]>
              </value>
            </param>
          </params>
          <reporter-output>
          </reporter-output>
        </test-method> <!-- setUpClass -->
        <test-method signature="runScenario(io.cucumber.testng.PickleWrapper,io.cucumber.testng.FeatureWrapper)[pri:0, instance:com.automation.swaglabs.runners.TestRunner@710f4dc7]" started-at="2025-09-09T08:52:31 IST" name="runScenario" description="Runs Cucumber Scenarios" data-provider="scenarios" finished-at="2025-09-09T08:52:50 IST" duration-ms="19187" status="PASS">
          <params>
            <param index="0">
              <value>
                <![CDATA["Successful login with valid credentials"]]>
              </value>
            </param>
            <param index="1">
              <value>
                <![CDATA["Login functionality"]]>
              </value>
            </param>
          </params>
          <reporter-output>
          </reporter-output>
        </test-method> <!-- runScenario -->
        <test-method signature="runScenario(io.cucumber.testng.PickleWrapper,io.cucumber.testng.FeatureWrapper)[pri:0, instance:com.automation.swaglabs.runners.TestRunner@710f4dc7]" started-at="2025-09-09T08:52:50 IST" name="runScenario" description="Runs Cucumber Scenarios" data-provider="scenarios" finished-at="2025-09-09T08:53:09 IST" duration-ms="19403" status="PASS">
          <params>
            <param index="0">
              <value>
                <![CDATA["Failed login with invalid credentials"]]>
              </value>
            </param>
            <param index="1">
              <value>
                <![CDATA["Login functionality"]]>
              </value>
            </param>
          </params>
          <reporter-output>
          </reporter-output>
        </test-method> <!-- runScenario -->
        <test-method signature="runScenario(io.cucumber.testng.PickleWrapper,io.cucumber.testng.FeatureWrapper)[pri:0, instance:com.automation.swaglabs.runners.TestRunner@710f4dc7]" started-at="2025-09-09T08:53:09 IST" name="runScenario" description="Runs Cucumber Scenarios" data-provider="scenarios" finished-at="2025-09-09T08:53:29 IST" duration-ms="19284" status="PASS">
          <params>
            <param index="0">
              <value>
                <![CDATA["Verify Products page is displayed"]]>
              </value>
            </param>
            <param index="1">
              <value>
                <![CDATA["Product Page"]]>
              </value>
            </param>
          </params>
          <reporter-output>
          </reporter-output>
        </test-method> <!-- runScenario -->
        <test-method signature="runScenario(io.cucumber.testng.PickleWrapper,io.cucumber.testng.FeatureWrapper)[pri:0, instance:com.automation.swaglabs.runners.TestRunner@710f4dc7]" started-at="2025-09-09T08:53:29 IST" name="runScenario" description="Runs Cucumber Scenarios" data-provider="scenarios" finished-at="2025-09-09T08:53:48 IST" duration-ms="19203" status="PASS">
          <params>
            <param index="0">
              <value>
                <![CDATA["Verify adding product to cart updates cart count"]]>
              </value>
            </param>
            <param index="1">
              <value>
                <![CDATA["Product Page"]]>
              </value>
            </param>
          </params>
          <reporter-output>
          </reporter-output>
        </test-method> <!-- runScenario -->
        <test-method signature="runScenario(io.cucumber.testng.PickleWrapper,io.cucumber.testng.FeatureWrapper)[pri:0, instance:com.automation.swaglabs.runners.TestRunner@710f4dc7]" started-at="2025-09-09T08:53:48 IST" name="runScenario" description="Runs Cucumber Scenarios" data-provider="scenarios" finished-at="2025-09-09T08:54:17 IST" duration-ms="29187" status="PASS">
          <params>
            <param index="0">
              <value>
                <![CDATA["Verify sorting products"]]>
              </value>
            </param>
            <param index="1">
              <value>
                <![CDATA["Product Page"]]>
              </value>
            </param>
          </params>
          <reporter-output>
          </reporter-output>
        </test-method> <!-- runScenario -->
        <test-method signature="runScenario(io.cucumber.testng.PickleWrapper,io.cucumber.testng.FeatureWrapper)[pri:0, instance:com.automation.swaglabs.runners.TestRunner@710f4dc7]" started-at="2025-09-09T08:54:17 IST" name="runScenario" description="Runs Cucumber Scenarios" data-provider="scenarios" finished-at="2025-09-09T08:54:47 IST" duration-ms="30330" status="PASS">
          <params>
            <param index="0">
              <value>
                <![CDATA["Verify sorting products by high to low"]]>
              </value>
            </param>
            <param index="1">
              <value>
                <![CDATA["Product Page"]]>
              </value>
            </param>
          </params>
          <reporter-output>
          </reporter-output>
        </test-method> <!-- runScenario -->
        <test-method is-config="true" signature="tearDownClass()[pri:0, instance:com.automation.swaglabs.runners.TestRunner@710f4dc7]" started-at="2025-09-09T08:54:47 IST" name="tearDownClass" finished-at="2025-09-09T08:54:48 IST" duration-ms="559" status="PASS">
          <reporter-output>
          </reporter-output>
        </test-method> <!-- tearDownClass -->
      </class> <!-- com.automation.swaglabs.runners.TestRunner -->
    </test> <!-- Default test -->
  </suite> <!-- Default suite -->
</testng-results>
